0 info it worked if it ends with ok
1 verbose cli [ 'node', '/usr/local/bin/npm', 'publish' ]
2 info using npm@1.2.17
3 info using node@v0.10.3
4 verbose publish [ '.' ]
5 verbose read json /Users/twilson63/play/express-couchFs/package.json
6 verbose cache add [ '.', null ]
7 verbose cache add name=undefined spec="." args=[".",null]
8 verbose parsed url { protocol: null,
8 verbose parsed url   slashes: null,
8 verbose parsed url   auth: null,
8 verbose parsed url   host: null,
8 verbose parsed url   port: null,
8 verbose parsed url   hostname: null,
8 verbose parsed url   hash: null,
8 verbose parsed url   search: null,
8 verbose parsed url   query: null,
8 verbose parsed url   pathname: '.',
8 verbose parsed url   path: '.',
8 verbose parsed url   href: '.' }
9 silly lockFile 3a52ce78- .
10 verbose lock . /Users/twilson63/.npm/3a52ce78-.lock
11 verbose read json package.json
12 verbose tar pack [ '/var/folders/l_/nj1xt6755pn4x5n9cfm9dr_80000gp/T/npm-24278/1375728165393-0.060421114321798086/tmp.tgz',
12 verbose tar pack   '.' ]
13 verbose tarball /var/folders/l_/nj1xt6755pn4x5n9cfm9dr_80000gp/T/npm-24278/1375728165393-0.060421114321798086/tmp.tgz
14 verbose folder .
15 info prepublish express-couchFs@0.0.1
16 silly lockFile 3a52ce78- .
17 verbose lock . /Users/twilson63/.npm/3a52ce78-.lock
18 silly lockFile b8570c9c-393-0-060421114321798086-tmp-tgz /var/folders/l_/nj1xt6755pn4x5n9cfm9dr_80000gp/T/npm-24278/1375728165393-0.060421114321798086/tmp.tgz
19 verbose lock /var/folders/l_/nj1xt6755pn4x5n9cfm9dr_80000gp/T/npm-24278/1375728165393-0.060421114321798086/tmp.tgz /Users/twilson63/.npm/b8570c9c-393-0-060421114321798086-tmp-tgz.lock
20 silly lockFile 3a52ce78- .
21 silly lockFile 3a52ce78- .
22 silly lockFile b8570c9c-393-0-060421114321798086-tmp-tgz /var/folders/l_/nj1xt6755pn4x5n9cfm9dr_80000gp/T/npm-24278/1375728165393-0.060421114321798086/tmp.tgz
23 silly lockFile b8570c9c-393-0-060421114321798086-tmp-tgz /var/folders/l_/nj1xt6755pn4x5n9cfm9dr_80000gp/T/npm-24278/1375728165393-0.060421114321798086/tmp.tgz
24 verbose tar unpack /var/folders/l_/nj1xt6755pn4x5n9cfm9dr_80000gp/T/npm-24278/1375728165393-0.060421114321798086/tmp.tgz
25 silly lockFile 39605e47-393-0-060421114321798086-package /var/folders/l_/nj1xt6755pn4x5n9cfm9dr_80000gp/T/npm-24278/1375728165393-0.060421114321798086/package
26 verbose lock /var/folders/l_/nj1xt6755pn4x5n9cfm9dr_80000gp/T/npm-24278/1375728165393-0.060421114321798086/package /Users/twilson63/.npm/39605e47-393-0-060421114321798086-package.lock
27 silly lockFile b8570c9c-393-0-060421114321798086-tmp-tgz /var/folders/l_/nj1xt6755pn4x5n9cfm9dr_80000gp/T/npm-24278/1375728165393-0.060421114321798086/tmp.tgz
28 verbose lock /var/folders/l_/nj1xt6755pn4x5n9cfm9dr_80000gp/T/npm-24278/1375728165393-0.060421114321798086/tmp.tgz /Users/twilson63/.npm/b8570c9c-393-0-060421114321798086-tmp-tgz.lock
29 silly gunzTarPerm modes [ '755', '644' ]
30 silly gunzTarPerm extractEntry package.json
31 silly gunzTarPerm extractEntry .npmignore
32 silly gunzTarPerm extractEntry index.js
33 silly gunzTarPerm extractEntry readme.md
34 verbose read json /var/folders/l_/nj1xt6755pn4x5n9cfm9dr_80000gp/T/npm-24278/1375728165393-0.060421114321798086/package/package.json
35 silly lockFile 39605e47-393-0-060421114321798086-package /var/folders/l_/nj1xt6755pn4x5n9cfm9dr_80000gp/T/npm-24278/1375728165393-0.060421114321798086/package
36 silly lockFile 39605e47-393-0-060421114321798086-package /var/folders/l_/nj1xt6755pn4x5n9cfm9dr_80000gp/T/npm-24278/1375728165393-0.060421114321798086/package
37 silly lockFile b8570c9c-393-0-060421114321798086-tmp-tgz /var/folders/l_/nj1xt6755pn4x5n9cfm9dr_80000gp/T/npm-24278/1375728165393-0.060421114321798086/tmp.tgz
38 silly lockFile b8570c9c-393-0-060421114321798086-tmp-tgz /var/folders/l_/nj1xt6755pn4x5n9cfm9dr_80000gp/T/npm-24278/1375728165393-0.060421114321798086/tmp.tgz
39 verbose from cache /var/folders/l_/nj1xt6755pn4x5n9cfm9dr_80000gp/T/npm-24278/1375728165393-0.060421114321798086/package/package.json
40 verbose tar pack [ '/Users/twilson63/.npm/express-couchFs/0.0.1/package.tgz',
40 verbose tar pack   '/var/folders/l_/nj1xt6755pn4x5n9cfm9dr_80000gp/T/npm-24278/1375728165393-0.060421114321798086/package' ]
41 verbose tarball /Users/twilson63/.npm/express-couchFs/0.0.1/package.tgz
42 verbose folder /var/folders/l_/nj1xt6755pn4x5n9cfm9dr_80000gp/T/npm-24278/1375728165393-0.060421114321798086/package
43 silly lockFile 39605e47-393-0-060421114321798086-package /var/folders/l_/nj1xt6755pn4x5n9cfm9dr_80000gp/T/npm-24278/1375728165393-0.060421114321798086/package
44 verbose lock /var/folders/l_/nj1xt6755pn4x5n9cfm9dr_80000gp/T/npm-24278/1375728165393-0.060421114321798086/package /Users/twilson63/.npm/39605e47-393-0-060421114321798086-package.lock
45 silly lockFile df8cc803-xpress-couchFs-0-0-1-package-tgz /Users/twilson63/.npm/express-couchFs/0.0.1/package.tgz
46 verbose lock /Users/twilson63/.npm/express-couchFs/0.0.1/package.tgz /Users/twilson63/.npm/df8cc803-xpress-couchFs-0-0-1-package-tgz.lock
47 silly lockFile 39605e47-393-0-060421114321798086-package /var/folders/l_/nj1xt6755pn4x5n9cfm9dr_80000gp/T/npm-24278/1375728165393-0.060421114321798086/package
48 silly lockFile 39605e47-393-0-060421114321798086-package /var/folders/l_/nj1xt6755pn4x5n9cfm9dr_80000gp/T/npm-24278/1375728165393-0.060421114321798086/package
49 silly lockFile df8cc803-xpress-couchFs-0-0-1-package-tgz /Users/twilson63/.npm/express-couchFs/0.0.1/package.tgz
50 silly lockFile df8cc803-xpress-couchFs-0-0-1-package-tgz /Users/twilson63/.npm/express-couchFs/0.0.1/package.tgz
51 silly lockFile 9dadcf3d-pm-express-couchFs-0-0-1-package /Users/twilson63/.npm/express-couchFs/0.0.1/package
52 verbose lock /Users/twilson63/.npm/express-couchFs/0.0.1/package /Users/twilson63/.npm/9dadcf3d-pm-express-couchFs-0-0-1-package.lock
53 silly lockFile 9dadcf3d-pm-express-couchFs-0-0-1-package /Users/twilson63/.npm/express-couchFs/0.0.1/package
54 silly lockFile 9dadcf3d-pm-express-couchFs-0-0-1-package /Users/twilson63/.npm/express-couchFs/0.0.1/package
55 verbose tar unpack /Users/twilson63/.npm/express-couchFs/0.0.1/package.tgz
56 silly lockFile 9dadcf3d-pm-express-couchFs-0-0-1-package /Users/twilson63/.npm/express-couchFs/0.0.1/package
57 verbose lock /Users/twilson63/.npm/express-couchFs/0.0.1/package /Users/twilson63/.npm/9dadcf3d-pm-express-couchFs-0-0-1-package.lock
58 silly lockFile df8cc803-xpress-couchFs-0-0-1-package-tgz /Users/twilson63/.npm/express-couchFs/0.0.1/package.tgz
59 verbose lock /Users/twilson63/.npm/express-couchFs/0.0.1/package.tgz /Users/twilson63/.npm/df8cc803-xpress-couchFs-0-0-1-package-tgz.lock
60 silly gunzTarPerm modes [ '755', '644' ]
61 silly gunzTarPerm extractEntry package.json
62 silly gunzTarPerm extractEntry .npmignore
63 silly gunzTarPerm extractEntry index.js
64 silly gunzTarPerm extractEntry readme.md
65 verbose read json /Users/twilson63/.npm/express-couchFs/0.0.1/package/package.json
66 silly lockFile 9dadcf3d-pm-express-couchFs-0-0-1-package /Users/twilson63/.npm/express-couchFs/0.0.1/package
67 silly lockFile 9dadcf3d-pm-express-couchFs-0-0-1-package /Users/twilson63/.npm/express-couchFs/0.0.1/package
68 silly lockFile df8cc803-xpress-couchFs-0-0-1-package-tgz /Users/twilson63/.npm/express-couchFs/0.0.1/package.tgz
69 silly lockFile df8cc803-xpress-couchFs-0-0-1-package-tgz /Users/twilson63/.npm/express-couchFs/0.0.1/package.tgz
70 silly shasum updated bytes 998
71 info shasum e619b0add2d23de36986ca760a9d4b6568c2ff92
71 info shasum /Users/twilson63/.npm/express-couchFs/0.0.1/package.tgz
72 verbose from cache /Users/twilson63/.npm/express-couchFs/0.0.1/package/package.json
73 verbose chmod /Users/twilson63/.npm/express-couchFs/0.0.1/package.tgz 644
74 verbose chown /Users/twilson63/.npm/express-couchFs/0.0.1/package.tgz [ 502, 20 ]
75 silly lockFile 3a52ce78- .
76 silly publish { name: 'express-couchFs',
76 silly publish   version: '0.0.1',
76 silly publish   description: 'An express module that adds a couchDb file service api to any express app.',
76 silly publish   main: 'index.js',
76 silly publish   scripts: { test: 'mocha' },
76 silly publish   repository: '',
76 silly publish   keywords: [ 'express', 'couchDb', 'file-uploads' ],
76 silly publish   author: { name: 'Tom' },
76 silly publish   license: 'MIT',
76 silly publish   readmeFilename: 'readme.md',
76 silly publish   dependencies: { express: '~3.2.6', nano: '~3.3.8' },
76 silly publish   readme: '# express-couchFs\n\nA express module that provides a simple file upload api using couchDb as file storage.\n\n## Usage\n\n``` js\nvar couchFs = require(\'express-couchFs\');\n\napp.configure(function() {\n  app.use(couchFs(config));\n});\n```',
76 silly publish   _id: 'express-couchFs@0.0.1',
76 silly publish   dist: { shasum: 'e619b0add2d23de36986ca760a9d4b6568c2ff92' },
76 silly publish   _from: '.' }
77 verbose url raw express-couchFs
78 verbose url resolving [ 'https://registry.npmjs.org/', './express-couchFs' ]
79 verbose url resolved https://registry.npmjs.org/express-couchFs
80 info trying registry request attempt 1 at 14:42:57
81 http PUT https://registry.npmjs.org/express-couchFs
82 http 403 https://registry.npmjs.org/express-couchFs
83 info trying registry request attempt 1 at 14:42:58
84 http PUT https://registry.npmjs.org/express-couchFs
85 http 403 https://registry.npmjs.org/express-couchFs
86 error publish Failed PUT response 403
87 error Error: forbidden New packages must have all-lowercase names: express-couchFs
87 error     at RegClient.<anonymous> (/usr/local/lib/node_modules/npm/node_modules/npm-registry-client/lib/request.js:268:14)
87 error     at Request.self.callback (/usr/local/lib/node_modules/npm/node_modules/request/main.js:120:22)
87 error     at Request.EventEmitter.emit (events.js:98:17)
87 error     at Request.<anonymous> (/usr/local/lib/node_modules/npm/node_modules/request/main.js:649:16)
87 error     at Request.EventEmitter.emit (events.js:117:20)
87 error     at IncomingMessage.<anonymous> (/usr/local/lib/node_modules/npm/node_modules/request/main.js:611:14)
87 error     at IncomingMessage.EventEmitter.emit (events.js:117:20)
87 error     at _stream_readable.js:883:14
87 error     at process._tickCallback (node.js:415:13)
88 error If you need help, you may report this log at:
88 error     <http://github.com/isaacs/npm/issues>
88 error or email it to:
88 error     <npm-@googlegroups.com>
89 error System Darwin 11.4.2
90 error command "node" "/usr/local/bin/npm" "publish"
91 error cwd /Users/twilson63/play/express-couchFs
92 error node -v v0.10.3
93 error npm -v 1.2.17
94 verbose exit [ 1, true ]
